<?xml version="1.0" encoding="UTF-8"?>
<testsuite xmlns:xsi="http://www.w3.org/2001/XMLSchema-instance" xsi:noNamespaceSchemaLocation="https://maven.apache.org/surefire/maven-surefire-plugin/xsd/surefire-test-report-3.0.xsd" version="3.0" name="com.oceanview.service.ReservationServiceTest" time="0.208" tests="3" errors="0" skipped="0" failures="0">
  <properties>
[...]
</properties>
  <testcase name="testInvalidCheckOutDate" classname="com.oceanview.service.ReservationServiceTest" time="0.093">
    <system-out><![CDATA[Service Error: Check-out date must be AFTER check-in date.
]]></system-out>
  </testcase>
  <testcase name="testPastCheckInDate" classname="com.oceanview.service.ReservationServiceTest" time="0.012">
    <system-out><![CDATA[Service Error: Cannot create reservations for past dates.
]]></system-out>
  </testcase>
  <testcase name="testEmptyReservationData" classname="com.oceanview.service.ReservationServiceTest" time="0.003">
    <system-out><![CDATA[Service Error: Missing required reservation data.
]]></system-out>
  </testcase>
</testsuite>